<?xml version="1.0" encoding="UTF-8"?>
<!-- Generated by org.testng.reporters.JUnitReportReporter -->
<testsuite hostname="USL010115" failures="0" tests="4" name="pom.qa.hubspot.tests.ContactsPageTest" time="91.813" errors="0" timestamp="2021-03-11T22:21:40 EST" skipped="0">
  <testcase classname="pom.qa.hubspot.tests.ContactsPageTest" name="createContactTest" time="19.203"/>
  <system-out/>
  <testcase classname="pom.qa.hubspot.tests.ContactsPageTest" name="createContactTest" time="24.617"/>
  <system-out/>
  <testcase classname="pom.qa.hubspot.tests.ContactsPageTest" name="createContactTest" time="24.214"/>
  <system-out/>
  <testcase classname="pom.qa.hubspot.tests.ContactsPageTest" name="createContactTest" time="23.779"/>
  <system-out/>
</testsuite> <!-- pom.qa.hubspot.tests.ContactsPageTest -->
