<?xml version="1.0" encoding="UTF-8"?>
<!-- Generated by org.testng.reporters.JUnitReportReporter -->
<testsuite hostname="USL010115" failures="0" tests="1" name="pom.qa.hubspot.tests.HomePageTest" time="0.091" errors="0" timestamp="2021-03-10T08:00:13 EST" skipped="0">
  <testcase classname="pom.qa.hubspot.tests.HomePageTest" name="getUserName" time="0.091"/>
  <system-out/>
</testsuite> <!-- pom.qa.hubspot.tests.HomePageTest -->
