<?xml version="1.0" encoding="UTF-8"?>
<!-- Generated by org.testng.reporters.JUnitReportReporter -->
<testsuite skipped="0" hostname="USL010115" name="pom.qa.hubspot.tests.HomePageTest" tests="1" failures="0" timestamp="2021-03-09T22:20:08 EST" time="0.151" errors="0">
  <testcase name="getUserName" time="0.151" classname="pom.qa.hubspot.tests.HomePageTest"/>
  <system-out/>
</testsuite> <!-- pom.qa.hubspot.tests.HomePageTest -->
