<?xml version="1.0" encoding="UTF-8"?>
<!-- Generated by org.testng.reporters.JUnitReportReporter -->
<testsuite skipped="1" hostname="USL010115" name="pom.qa.hubspot.tests.LoginPageTest" tests="4" failures="0" timestamp="2021-03-09T22:20:08 EST" time="4.624" errors="0">
  <testcase name="VerifyLoginPageTitle" time="0.046" classname="pom.qa.hubspot.tests.LoginPageTest"/>
  <system-out/>
  <testcase name="VerifySignupLink" time="0.144" classname="pom.qa.hubspot.tests.LoginPageTest"/>
  <system-out/>
  <testcase name="loginTest" time="4.434" classname="pom.qa.hubspot.tests.LoginPageTest"/>
  <system-out/>
  <testcase name="invalidloginTest" classname="pom.qa.hubspot.tests.LoginPageTest">
    <skipped/>
  </testcase> <!-- invalidloginTest -->
  <system-out/>
</testsuite> <!-- pom.qa.hubspot.tests.LoginPageTest -->
